<?xml version="1.0" encoding="UTF-8"?>
<testsuite xmlns:xsi="http://www.w3.org/2001/XMLSchema-instance" xsi:noNamespaceSchemaLocation="https://maven.apache.org/surefire/maven-surefire-plugin/xsd/surefire-test-report.xsd" name="spring.sfgapp.services.map.PetMapServiceTest" time="0.001" tests="14" errors="0" skipped="0" failures="0">
  <properties>
[...]
</properties>
  <testcase name="saveNoId" classname="spring.sfgapp.services.map.PetMapServiceTest" time="0"/>
  <testcase name="deleteWithWrongId" classname="spring.sfgapp.services.map.PetMapServiceTest" time="0"/>
  <testcase name="saveExistingId" classname="spring.sfgapp.services.map.PetMapServiceTest" time="0"/>
  <testcase name="findAll" classname="spring.sfgapp.services.map.PetMapServiceTest" time="0"/>
  <testcase name="deletePet" classname="spring.sfgapp.services.map.PetMapServiceTest" time="0"/>
  <testcase name="deleteByIdCorrectId" classname="spring.sfgapp.services.map.PetMapServiceTest" time="0"/>
  <testcase name="deleteByIdNullId" classname="spring.sfgapp.services.map.PetMapServiceTest" time="0"/>
  <testcase name="deleteByIdWrongId" classname="spring.sfgapp.services.map.PetMapServiceTest" time="0"/>
  <testcase name="deleteWithNullId" classname="spring.sfgapp.services.map.PetMapServiceTest" time="0"/>
  <testcase name="findByIdNullId" classname="spring.sfgapp.services.map.PetMapServiceTest" time="0"/>
  <testcase name="saveDuplicateId" classname="spring.sfgapp.services.map.PetMapServiceTest" time="0"/>
  <testcase name="findByIdExistingId" classname="spring.sfgapp.services.map.PetMapServiceTest" time="0"/>
  <testcase name="deleteNull" classname="spring.sfgapp.services.map.PetMapServiceTest" time="0"/>
  <testcase name="findByIdNotExistingId" classname="spring.sfgapp.services.map.PetMapServiceTest" time="0"/>
</testsuite>